1591102006692	mozrunner::runner	INFO	Running command: "C:\\Program Files\\Mozilla Firefox\\firefox.exe" "-marionette" "-foreground" "-no-remote" "-profile" "C:\\Users\\Hugo\\AppData\\Local\\Temp\\rust_mozprofilef6wIf2"
JavaScript error: resource://gre/modules/XULStore.jsm, line 66: Error: Can't find profile directory.
1591102012560	Marionette	INFO	Listening on port 51162
1591102012909	Marionette	WARN	TLS certificate errors will be ignored for this session
1591102038562	Marionette	INFO	Stopped listening on port 51162

###!!! [Child][RunMessage] Error: Channel closing: too late to send/recv, messages will be lost


###!!! [Child][MessageChannel::SendAndWait] Error: Channel error: cannot send/recv

modules/XULStore.jsm, line 66: Error: Can't find profile directory.
1591102034346	Marionette	INFO	Listening on port 51215
1591102034572	Marionette	WARN	TLS certificate errors will be ignored for this session
1591102040774	Marionette	INFO	Stopped listening on port 51215

###!!! [Child][MessageChannel::SendAndWait] Error: Channel error: cannot send/recv

1591102068150	mozrunner::runner	INFO	Running command: "C:\\Program Files\\Mozilla Firefox\\firefox.exe" "-marionette" "-foreground" "-no-remote" "-profile" "C:\\Users\\Hugo\\AppData\\Local\\Temp\\rust_mozprofile5ffZPB"
JavaScript error: resource://gre/modules/XULStore.jsm, line 66: Error: Can't find profile directory.
1591102073198	Marionette	INFO	Listening on port 51275
1591102073362	Marionette	WARN	TLS certificate errors will be ignored for this session
1591102107759	mozrunner::runner	INFO	Running command: "C:\\Program Files\\Mozilla Firefox\\firefox.exe" "-marionette" "-foreground" "-no-remote" "-profile" "C:\\Users\\Hugo\\AppData\\Local\\Temp\\rust_mozprofilef0wiIX"
JavaScript error: resource://gre/modules/XULStore.jsm, line 66: Error: Can't find profile directory.
1591102109865	Marionette	INFO	Listening on port 51331
1591102109871	Marionette	WARN	TLS certificate errors will be ignored for this session
1591102123093	Marionette	INFO	Stopped listening on port 51331

###!!! [Child][MessageChannel::SendAndWait] Error: Channel error: cannot send/recv

1591102126453	mozrunner::runner	INFO	Running command: "C:\\Program Files\\Mozilla Firefox\\firefox.exe" "-marionette" "-foreground" "-no-remote" "-profile" "C:\\Users\\Hugo\\AppData\\Local\\Temp\\rust_mozprofileI22Fmt"
JavaScript error: resource://gre/modules/XULStore.jsm, line 66: Error: Can't find profile directory.
1591102128496	Marionette	INFO	Listening on port 51388
1591102128585	Marionette	WARN	TLS certificate errors will be ignored for this session
1591102132717	Marionette	INFO	Stopped listening on port 51388

###!!! [Child][RunMessage] Error: Channel closing: too late to send/recv, messages will be lost


###!!! [Child][MessageChannel::SendAndWait] Error: Channel error: cannot send/recv

1591102261473	mozrunner::runner	INFO	Running command: "C:\\Program Files\\Mozilla Firefox\\firefox.exe" "-marionette" "-foreground" "-no-remote" "-profile" "C:\\Users\\Hugo\\AppData\\Local\\Temp\\rust_mozprofilezqIVVI"
JavaScript error: resource://gre/modules/XULStore.jsm, line 66: Error: Can't find profile directory.
1591102263556	Marionette	INFO	Listening on port 51448
1591102263585	Marionette	WARN	TLS certificate errors will be ignored for this session
console.warn: services.settings: Signature verified failed for main/search-config. Retry from scratch
1591102914380	Marionette	INFO	Stopped listening on port 51448

###!!! [Child][RunMessage] Error: Channel closing: too late to send/recv, messages will be lost


###!!! [Child][MessageChannel::SendAndWait] Error: Channel error: cannot send/recv

ening on port 51560
1591102680126	Marionette	WARN	TLS certificate errors will be ignored for this session

###!!! [Child][RunMessage] Error: Channel closing: too late to send/recv, messages will be lost

1591102914394	Marionette	INFO	Stopped listening on port 51560

###!!! [Child][RunMessage] Error: Channel closing: too late to send/recv, messages will be lost


###!!! [Child][MessageChannel::SendAndWait] Error: Channel error: cannot send/recv

modules/XULStore.jsm, line 66: Error: Can't find profile directory.
1591102838632	Marionette	INFO	Listening on port 51650
1591102838997	Marionette	WARN	TLS certificate errors will be ignored for this session
1591102914377	Marionette	INFO	Stopped listening on port 51650

###!!! [Child][RunMessage] Error: Channel closing: too late to send/recv, messages will be lost


###!!! [Child][MessageChannel::SendAndWait] Error: Channel error: cannot send/recv

1591102930117	mozrunner::runner	INFO	Running command: "C:\\Program Files\\Mozilla Firefox\\firefox.exe" "-marionette" "-foreground" "-no-remote" "-profile" "C:\\Users\\Hugo\\AppData\\Local\\Temp\\rust_mozprofilezBHkdD"
JavaScript error: resource://gre/modules/XULStore.jsm, line 66: Error: Can't find profile directory.
1591102932190	Marionette	INFO	Listening on port 51723
1591102932232	Marionette	WARN	TLS certificate errors will be ignored for this session
1591103058969	Marionette	INFO	Stopped listening on port 51723

###!!! [Child][RunMessage] Error: Channel closing: too late to send/recv, messages will be lost


###!!! [Child][MessageChannel::SendAndWait] Error: Channel error: cannot send/recv

1591103495467	mozrunner::runner	INFO	Running command: "C:\\Program Files\\Mozilla Firefox\\firefox.exe" "-marionette" "-foreground" "-no-remote" "-profile" "C:\\Users\\Hugo\\AppData\\Local\\Temp\\rust_mozprofileJW7iJ6"
JavaScript error: resource://gre/modules/XULStore.jsm, line 66: Error: Can't find profile directory.
1591103497767	Marionette	INFO	Listening on port 51872
1591103498077	Marionette	WARN	TLS certificate errors will be ignored for this session
1591103531358	mozrunner::runner	INFO	Running command: "C:\\Program Files\\Mozilla Firefox\\firefox.exe" "-marionette" "-foreground" "-no-remote" "-profile" "C:\\Users\\Hugo\\AppData\\Local\\Temp\\rust_mozprofile80l5Ee"
JavaScript error: resource://gre/modules/XULStore.jsm, line 66: Error: Can't find profile directory.
1591103533456	Marionette	INFO	Listening on port 51932
1591103533476	Marionette	WARN	TLS certificate errors will be ignored for this session
1591103568770	Marionette	INFO	Stopped listening on port 51932

###!!! [Child][MessageChannel::SendAndWait] Error: Channel error: cannot send/recv

1591103573415	mozrunner::runner	INFO	Running command: "C:\\Program Files\\Mozilla Firefox\\firefox.exe" "-marionette" "-foreground" "-no-remote" "-profile" "C:\\Users\\Hugo\\AppData\\Local\\Temp\\rust_mozprofileLjdPHG"
JavaScript error: resource://gre/modules/XULStore.jsm, line 66: Error: Can't find profile directory.
1591103575522	Marionette	INFO	Listening on port 51995
1591103575567	Marionette	WARN	TLS certificate errors will be ignored for this session
1591103832437	Marionette	INFO	Stopped listening on port 51995

###!!! [Child][RunMessage] Error: Channel closing: too late to send/recv, messages will be lost


###!!! [Child][MessageChannel::SendAndWait] Error: Channel error: cannot send/recv

1591103837431	mozrunner::runner	INFO	Running command: "C:\\Program Files\\Mozilla Firefox\\firefox.exe" "-marionette" "-foreground" "-no-remote" "-profile" "C:\\Users\\Hugo\\AppData\\Local\\Temp\\rust_mozprofileRE0w1v"
JavaScript error: resource://gre/modules/XULStore.jsm, line 66: Error: Can't find profile directory.
1591103839311	Marionette	INFO	Listening on port 52082
1591103839440	Marionette	WARN	TLS certificate errors will be ignored for this session
1591103922299	Marionette	INFO	Stopped listening on port 52082

###!!! [Child][RunMessage] Error: Channel closing: too late to send/recv, messages will be lost


###!!! [Child][MessageChannel::SendAndWait] Error: Channel error: cannot send/recv

1591103935116	mozrunner::runner	INFO	Running command: "C:\\Program Files\\Mozilla Firefox\\firefox.exe" "-marionette" "-foreground" "-no-remote" "-profile" "C:\\Users\\Hugo\\AppData\\Local\\Temp\\rust_mozprofilexGhget"
JavaScript error: resource://gre/modules/XULStore.jsm, line 66: Error: Can't find profile directory.
1591103937190	Marionette	INFO	Listening on port 52155
1591103937243	Marionette	WARN	TLS certificate errors will be ignored for this session
1591103985774	Marionette	INFO	Stopped listening on port 52155

###!!! [Child][RunMessage] Error: Channel closing: too late to send/recv, messages will be lost


###!!! [Child][MessageChannel::SendAndWait] Error: Channel error: cannot send/recv

1591104358157	mozrunner::runner	INFO	Running command: "C:\\Program Files\\Mozilla Firefox\\firefox.exe" "-marionette" "-foreground" "-no-remote" "-profile" "C:\\Users\\Hugo\\AppData\\Local\\Temp\\rust_mozprofileELWf6Z"
JavaScript error: resource://gre/modules/XULStore.jsm, line 66: Error: Can't find profile directory.
1591104360379	Marionette	INFO	Listening on port 52265
1591104360768	Marionette	WARN	TLS certificate errors will be ignored for this session
1591104371901	Marionette	INFO	Stopped listening on port 52265

###!!! [Child][MessageChannel::SendAndWait] Error: Channel error: cannot send/recv

ile" "C:\\Users\\Hugo\\AppData\\Local\\Temp\\rust_mozprofilepF4pBC"
JavaScript error: resource://gre/modules/XULStore.jsm, line 66: Error: Can't find profile directory.
1591104368783	Marionette	INFO	Listening on port 52321
1591104368939	Marionette	WARN	TLS certificate errors will be ignored for this session

###!!! [Child][RunMessage] Error: Channel closing: too late to send/recv, messages will be lost

1591104388932	Marionette	INFO	Stopped listening on port 52321

###!!! [Child][RunMessage] Error: Channel closing: too late to send/recv, messages will be lost


###!!! [Child][MessageChannel::SendAndWait] Error: ChJavaScript error: resource://gre/modules/XULStore.jsm, line 66: Error: Can't find profile directory.
1591104390150	Marionette	INFO	Listening on port 52378
1591104390415	Marionette	WARN	TLS certificate errors will be ignored for this session
1591104420673	mozrunner::runner	INFO	Running command: "C:\\Program Files\\Mozilla Firefox\\firefox.exe" "-marionette" "-foreground" "-no-remote" "-profile" "C:\\Users\\Hugo\\AppData\\Local\\Temp\\rust_mozprofileqG54UB"
JavaScript error: resource://gre/modules/XULStore.jsm, line 66: Error: Can't find profile directory.
1591104422636	Marionette	INFO	Listening on port 52439
1591104422688	Marionette	WARN	TLS certificate errors will be ignored for this session
1591104428380	mozrunner::runner	INFO	Running command: "C:\\Program Files\\Mozilla Firefox\\firefox.exe" "-marionette" "-foreground" "-no-remote" "-profile" "C:\\Users\\Hugo\\AppData\\Local\\Temp\\rust_mozprofile0aLwdx"
JavaScript error: resource://gre/modules/XULStore.jsm, line 66: Error: Can't find profile directory.
1591104433551	Marionette	INFO	Listening on port 52488
1591104433629	Marionette	WARN	TLS certificate errors will be ignored for this session
1591104474636	Marionette	INFO	Stopped listening on port 52488

###!!! [Child][RunMessage] Error: Channel closing: too late to send/recv, messages will be lost


###!!! [Child][MessageChannel::SendAndWait] Error: Channel error: cannot send/recv

a\\Local\\Temp\\rust_mozprofileTX4dUW"
JavaScript error: resource://gre/modules/XULStore.jsm, line 66: Error: Can't find profile directory.
1591104442399	Marionette	INFO	Listening on port 52543
1591104442605	Marionette	WARN	TLS certificate errors will be ignored for this session
1591104475109	Marionette	INFO	Stopped listening on port 52543

###!!! [Child][RunMessage] Error: Channel closing: too late to send/recv, messages will be lost


###!!! [Child][MessageChannel::SendAndWait] Error: ChJavaScript error: resource://gre/modules/XULStore.jsm, line 66: Error: Can't find profile directory.
1591104477332	Marionette	INFO	Listening on port 52606
1591104477717	Marionette	WARN	TLS certificate errors will be ignored for this session
1591104520239	Marionette	INFO	Stopped listening on port 52606

###!!! [Child][RunMessage] Error: Channel closing: too late to send/recv, messages will be lost


###!!! [Child][MessageChannel::SendAndWait] Error: Channel error: cannot send/recv

modules/XULStore.jsm, line 66: Error: Can't find profile directory.
1591104521368	Marionette	INFO	Listening on port 52663
1591104521695	Marionette	WARN	TLS certificate errors will be ignored for this session
1591104570286	Marionette	INFO	Stopped listening on port 52663

###!!! [Child][RunMessage] Error: Channel closing: too late to send/recv, messages will be lost


###!!! [Child][MessageChannel::SendAndWait] Error: Channel error: cannot send/recv

modules/XULStore.jsm, line 66: Error: Can't find profile directory.
1591104559628	Marionette	INFO	Listening on port 52723
1591104559671	Marionette	WARN	TLS certificate errors will be ignored for this session
1591104570578	Marionette	INFO	Stopped listening on port 52723

###!!! [Child][RunMessage] Error: Channel closing: too late to send/recv, messages will be lost


###!!! [Child][MessageChannel::SendAndWait] Error: Channel error: cannot send/recv

1591104577650	mozrunner::runner	INFO	Running command: "C:\\Program Files\\Mozilla Firefox\\firefox.exe" "-marionette" "-foreground" "-no-remote" "-profile" "C:\\Users\\Hugo\\AppData\\Local\\Temp\\rust_mozprofileEh4aNo"
JavaScript error: resource://gre/modules/XULStore.jsm, line 66: Error: Can't find profile directory.
1591104580880	Marionette	INFO	Listening on port 52778
1591104581260	Marionette	WARN	TLS certificate errors will be ignored for this session
1591104695458	Marionette	INFO	Stopped listening on port 52778

###!!! [Child][MessageChannel::SendAndWait] Error: Channel error: cannot send/recv

ile" "C:\\Users\\Hugo\\AppData\\Local\\Temp\\rust_mozprofilerM9BTC"
JavaScript error: resource://gre/modules/XULStore.jsm, line 66: Error: Can't find profile directory.
1591104663872	Marionette	INFO	Listening on port 52847
1591104663893	Marionette	WARN	TLS certificate errors will be ignored for this session
1591104695722	Marionette	INFO	Stopped listening on port 52847

###!!! [Child][RunMessage] Error: Channel closing: too late to send/recv, messages will be lost


###!!! [Child][MessageChannel::SendAndWait] Error: Channel error: cannot send/recv

1591104725991	mozrunner::runner	INFO	Running command: "C:\\Program Files\\Mozilla Firefox\\firefox.exe" "-marionette" "-foreground" "-no-remote" "-profile" "C:\\Users\\Hugo\\AppData\\Local\\Temp\\rust_mozprofilehaJ2pB"
JavaScript error: resource://gre/modules/XULStore.jsm, line 66: Error: Can't find profile directory.
1591104729183	Marionette	INFO	Listening on port 52910
1591104729603	Marionette	WARN	TLS certificate errors will be ignored for this session
1591104746403	mozrunner::runner	INFO	Running command: "C:\\Program Files\\Mozilla Firefox\\firefox.exe" "-marionette" "-foreground" "-no-remote" "-profile" "C:\\Users\\Hugo\\AppData\\Local\\Temp\\rust_mozprofileK1EEzg"
JavaScript error: resource://gre/modules/XULStore.jsm, line 66: Error: Can't find profile directory.
1591104748470	Marionette	INFO	Listening on port 52965
1591104748539	Marionette	WARN	TLS certificate errors will be ignored for this session
1591104769729	Marionette	INFO	Stopped listening on port 52965

###!!! [Child][RunMessage] Error: Channel closing: too late to send/recv, messages will be lost


###!!! [Child][MessageChannel::SendAndWait] Error: Channel error: cannot send/recv

1591104778153	mozrunner::runner	INFO	Running command: "C:\\Program Files\\Mozilla Firefox\\firefox.exe" "-marionette" "-foreground" "-no-remote" "-profile" "C:\\Users\\Hugo\\AppData\\Local\\Temp\\rust_mozprofileOErW7E"
JavaScript error: resource://gre/modules/XULStore.jsm, line 66: Error: Can't find profile directory.
1591104780214	Marionette	INFO	Listening on port 53037
1591104780266	Marionette	WARN	TLS certificate errors will be ignored for this session
1591104787529	Marionette	INFO	Stopped listening on port 53037

###!!! [Child][RunMessage] Error: Channel closing: too late to send/recv, messages will be lost


###!!! [Child][MessageChannel::SendAndWait] Error: Channel error: cannot send/recv

1591104794406	mozrunner::runner	INFO	Running command: "C:\\Program Files\\Mozilla Firefox\\firefox.exe" "-marionette" "-foreground" "-no-remote" "-profile" "C:\\Users\\Hugo\\AppData\\Local\\Temp\\rust_mozprofileeMdgCY"
JavaScript error: resource://gre/modules/XULStore.jsm, line 66: Error: Can't find profile directory.
1591104796483	Marionette	INFO	Listening on port 53093
1591104796515	Marionette	WARN	TLS certificate errors will be ignored for this session
1591104851512	Marionette	INFO	Stopped listening on port 53093

###!!! [Child][MessageChannel::SendAndWait] Error: Channel error: cannot send/recv

ile" "C:\\Users\\Hugo\\AppData\\Local\\Temp\\rust_mozprofilewbm5O9"
JavaScript error: resource://gre/modules/XULStore.jsm, line 66: Error: Can't find profile directory.
1591104814831	Marionette	INFO	Listening on port 53148
1591104814975	Marionette	WARN	TLS certificate errors will be ignored for this session
1591104874029	Marionette	INFO	Stopped listening on port 53148

###!!! [Child][RunMessage] Error: Channel closing: too late to send/recv, messages will be lost


###!!! [Child][MessageChannel::SendAndWait] Error: Channel error: cannot send/recv

1591104979889	mozrunner::runner	INFO	Running command: "C:\\Program Files\\Mozilla Firefox\\firefox.exe" "-marionette" "-foreground" "-no-remote" "-profile" "C:\\Users\\Hugo\\AppData\\Local\\Temp\\rust_mozprofile8R1V5m"
JavaScript error: resource://gre/modules/XULStore.jsm, line 66: Error: Can't find profile directory.
1591104981951	Marionette	INFO	Listening on port 53246
1591104982000	Marionette	WARN	TLS certificate errors will be ignored for this session
1591105010167	Marionette	INFO	Stopped listening on port 53246

###!!! [Child][RunMessage] Error: Channel closing: too late to send/recv, messages will be lost


###!!! [Child][MessageChannel::SendAndWait] Error: Channel error: cannot send/recv

modules/XULStore.jsm, line 66: Error: Can't find profile directory.
1591105008153	Marionette	INFO	Listening on port 53300
1591105008218	Marionette	WARN	TLS certificate errors will be ignored for this session

###!!! [Child][RunMessage] Error: Channel closing: too late to send/recv, messages will be lost

1591105010348	Marionette	INFO	Stopped listening on port 53300

###!!! [Child][RunMessage] Error: Channel closing: too late to send/recv, messages will be lost


###!!! [Child][MessageChannel::SendAndWait] Error: Channel error: cannot send/recv

1591105314654	mozrunner::runner	INFO	Running command: "C:\\Program Files\\Mozilla Firefox\\firefox.exe" "-marionette" "-foreground" "-no-remote" "-profile" "C:\\Users\\Hugo\\AppData\\Local\\Temp\\rust_mozprofileMO0zNb"
JavaScript error: resource://gre/modules/XULStore.jsm, line 66: Error: Can't find profile directory.
1591105316712	Marionette	INFO	Listening on port 53402
1591105316769	Marionette	WARN	TLS certificate errors will be ignored for this session
1591105336058	Marionette	INFO	Stopped listening on port 53402

###!!! [Child][RunMessage] Error: Channel closing: too late to send/recv, messages will be lost


###!!! [Child][MessageChannel::SendAndWait] Error: Channel error: cannot send/recv

1591105339219	mozrunner::runner	INFO	Running command: "C:\\Program Files\\Mozilla Firefox\\firefox.exe" "-marionette" "-foreground" "-no-remote" "-profile" "C:\\Users\\Hugo\\AppData\\Local\\Temp\\rust_mozprofileqXqQ2O"
JavaScript error: resource://gre/modules/XULStore.jsm, line 66: Error: Can't find profile directory.
1591105341352	Marionette	INFO	Listening on port 53457
1591105341832	Marionette	WARN	TLS certificate errors will be ignored for this session
1591105420775	Marionette	INFO	Stopped listening on port 53457

###!!! [Child][RunMessage] Error: Channel closing: too late to send/recv, messages will be lost


###!!! [Child][MessageChannel::SendAndWait] Error: Channel error: cannot send/recv

modules/XULStore.jsm, line 66: Error: Can't find profile directory.
1591105406697	Marionette	INFO	Listening on port 53528
1591105407026	Marionette	WARN	TLS certificate errors will be ignored for this session
console.error: "Store does not have a valid reducer. Make sure the argument passed to combineReducers is an object whose values are reducers."
1591105540742	Marionette	INFO	Stopped listening on port 53528

###!!! [Child][MessageChannel::SendAndWait] Error: Channel error: cannot send/recv

1591105551297	mozrunner::runner	INFO	Running command: "C:\\Program Files\\Mozilla Firefox\\firefox.exe" "-marionette" "-foreground" "-no-remote" "-profile" "C:\\Users\\Hugo\\AppData\\Local\\Temp\\rust_mozprofileGJP6d7"
JavaScript error: resource://gre/modules/XULStore.jsm, line 66: Error: Can't find profile directory.
1591105553404	Marionette	INFO	Listening on port 53600
1591105553410	Marionette	WARN	TLS certificate errors will be ignored for this session
console.error: "Store does not have a valid reducer. Make sure the argument passed to combineReducers is an object whose values are reducers."
1591105647751	Marionette	INFO	Stopped listening on port 53600

###!!! [Child][RunMessage] Error: Channel closing: too late to send/recv, messages will be lost


###!!! [Child][MessageChannel::SendAndWait] Error: Channel error: cannot send/recv

modules/XULStore.jsm, line 66: Error: Can't find profile directory.
1591105611523	Marionette	INFO	Listening on port 53661
1591105611596	Marionette	WARN	TLS certificate errors will be ignored for this session
console.error: "Store does not have a valid reducer. Make sure the argument passed to combineReducers is an object whose values are reducers."
1591105648290	Marionette	INFO	Stopped listening on port 53661

###!!! [Child][MessageChannel::SendAndWait] Error: Channel error: cannot send/recv

1591106151985	mozrunner::runner	INFO	Running command: "C:\\Program Files\\Mozilla Firefox\\firefox.exe" "-marionette" "-foreground" "-no-remote" "-profile" "C:\\Users\\Hugo\\AppData\\Local\\Temp\\rust_mozprofileygqkx6"
JavaScript error: resource://gre/modules/XULStore.jsm, line 66: Error: Can't find profile directory.
1591106154103	Marionette	INFO	Listening on port 53785
1591106154597	Marionette	WARN	TLS certificate errors will be ignored for this session
1591106283381	Marionette	INFO	Stopped listening on port 53785

###!!! [Child][RunMessage] Error: Channel closing: too late to send/recv, messages will be lost


###!!! [Child][MessageChannel::SendAndWait] Error: Channel error: cannot send/recv

modules/XULStore.jsm, line 66: Error: Can't find profile directory.
1591106226923	Marionette	INFO	Listening on port 53853
1591106227397	Marionette	WARN	TLS certificate errors will be ignored for this session
1591106283478	Marionette	INFO	Stopped listening on port 53853

###!!! [Child][RunMessage] Error: Channel closing: too late to send/recv, messages will be lost


###!!! [Child][MessageChannel::SendAndWait] Error: Channel error: cannot send/recv

modules/XULStore.jsm, line 66: Error: Can't find profile directory.
1591106254836	Marionette	INFO	Listening on port 53917
1591106255308	Marionette	WARN	TLS certificate errors will be ignored for this session
1591106284173	Marionette	INFO	Stopped listening on port 53917

###!!! [Child][RunMessage] Error: Channel closing: too late to send/recv, messages will be lost


###!!! [Child][MessageChannel::SendAndWait] Error: Channel error: cannot send/recv

modules/XULStore.jsm, line 66: Error: Can't find profile directory.
1591106269902	Marionette	INFO	Listening on port 53973
1591106270270	Marionette	WARN	TLS certificate errors will be ignored for this session
1591106284202	Marionette	INFO	Stopped listening on port 53973

###!!! [Child][RunMessage] Error: Channel closing: too late to send/recv, messages will be lost


###!!! [Child][MessageChannel::SendAndWait] Error: Channel error: cannot send/recv

1591106341048	mozrunner::runner	INFO	Running command: "C:\\Program Files\\Mozilla Firefox\\firefox.exe" "-marionette" "-foreground" "-no-remote" "-profile" "C:\\Users\\Hugo\\AppData\\Local\\Temp\\rust_mozprofileWpX99I"
JavaScript error: resource://gre/modules/XULStore.jsm, line 66: Error: Can't find profile directory.
1591106345214	Marionette	INFO	Listening on port 54036
1591106345278	Marionette	WARN	TLS certificate errors will be ignored for this session
1591106383406	mozrunner::runner	INFO	Running command: "C:\\Program Files\\Mozilla Firefox\\firefox.exe" "-marionette" "-foreground" "-no-remote" "-profile" "C:\\Users\\Hugo\\AppData\\Local\\Temp\\rust_mozprofile7m6OOQ"
JavaScript error: resource://gre/modules/XULStore.jsm, line 66: Error: Can't find profile directory.
1591106385678	Marionette	INFO	Listening on port 54094
1591106386017	Marionette	WARN	TLS certificate errors will be ignored for this session
console.warn: services.settings: Signature verified failed for main/search-config. Retry from scratch
1591107990157	Marionette	INFO	Stopped listening on port 54094

###!!! [Child][RunMessage] Error: Channel closing: too late to send/recv, messages will be lost


###!!! [Child][MessageChannel::SendAndWait] Error: Channel error: cannot send/recv

ening on port 54154
1591106423949	Marionette	WARN	TLS certificate errors will be ignored for this session
console.warn: services.settings: Signature verified failed for main/search-config. Retry from scratch
1591107990150	Marionette	INFO	Stopped listening on port 54154

###!!! [Child][MessageChannel::SendAndWait] Error: Channel error: cannot send/recv

dules/XULStore.jsm, line 66: Error: Can't find profile directory.
1591106469925	Marionette	INFO	Listening on port 54215
1591106469967	Marionette	WARN	TLS certificate errors will be ignored for this session
console.warn: services.settings: Signature verified failed for main/search-config. Retry from scratch
1591107990168	Marionette	INFO	Stopped listening on port 54215

###!!! [Child][MessageChannel::SendAndWait] Error: Channel error: cannot send/recv

dules/XULStore.jsm, line 66: Error: Can't find profile directory.
1591106601616	Marionette	INFO	Listening on port 54289
1591106601659	Marionette	WARN	TLS certificate errors will be ignored for this session
console.warn: services.settings: Signature verified failed for main/search-config. Retry from scratch
1591107990179	Marionette	INFO	Stopped listening on port 54289

###!!! [Child][MessageChannel::SendAndWait] Error: Channel error: cannot send/recv

ile" "C:\\Users\\Hugo\\AppData\\Local\\Temp\\rust_mozprofile3G7o83"
JavaScript error: resource://gre/modules/XULStore.jsm, line 66: Error: Can't find profile directory.
1591107127540	Marionette	INFO	Listening on port 54474
1591107127832	Marionette	WARN	TLS certificate errors will be ignored for this session
console.warn: services.settings: Signature verified failed for main/search-config. Retry from scratch
1591107990159	Marionette	INFO	Stopped listening on port 54474

###!!! [Child][RunMessage] Error: Channel error: cannot send/recv


###!!! [Child][MessageChannel::SendAndWait] Error: Channel error: cannot send/recv

aScript error: resource://gre/modules/XULStore.jsm, line 66: Error: Can't find profile directory.
1591107928932	Marionette	INFO	Listening on port 54732
1591107928938	Marionette	WARN	TLS certificate errors will be ignored for this session
1591107968995	Marionette	INFO	Stopped listening on port 54732

###!!! [Child][RunMessage] Error: Channel closing: too late to send/recv, messages will be lost


###!!! [Child][MessageChannel::SendAndWait] Error: ChJavaScript error: resource://gre/modules/XULStore.jsm, line 66: Error: Can't find profile directory.
1591107971190	Marionette	INFO	Listening on port 54792
1591107971481	Marionette	WARN	TLS certificate errors will be ignored for this session
1591107988582	Marionette	INFO	Stopped listening on port 54792

###!!! [Child][MessageChannel::SendAndWait] Error: Channel error: cannot send/recv

1591108013177	mozrunner::runner	INFO	Running command: "C:\\Program Files\\Mozilla Firefox\\firefox.exe" "-marionette" "-foreground" "-no-remote" "-profile" "C:\\Users\\Hugo\\AppData\\Local\\Temp\\rust_mozprofilefo2hrH"
JavaScript error: resource://gre/modules/XULStore.jsm, line 66: Error: Can't find profile directory.
1591108015526	Marionette	INFO	Listening on port 54858
1591108015790	Marionette	WARN	TLS certificate errors will be ignored for this session
JavaScript warning: https://www2.camara.leg.br/comum/js/jquery-1.3.2.min.js, line 19: unreachable code after return statement
JavaScript error: , line 0: NotAllowedError: The play method is not allowed by the user agent or the platform in the current context, possibly because the user denied permission.
console.warn: services.settings: Signature verified failed for main/search-config. Retry from scratch
1591108527549	mozrunner::runner	INFO	Running command: "C:\\Program Files\\Mozilla Firefox\\firefox.exe" "-marionette" "-foreground" "-no-remote" "-profile" "C:\\Users\\Hugo\\AppData\\Local\\Temp\\rust_mozprofileNDvFee"
JavaScript error: resource://gre/modules/XULStore.jsm, line 66: Error: Can't find profile directory.
1591108529737	Marionette	INFO	Listening on port 55076
1591108530165	Marionette	WARN	TLS certificate errors will be ignored for this session
JavaScript warning: https://www2.camara.leg.br/comum/js/jquery-1.3.2.min.js, line 19: unreachable code after return statement
JavaScript error: , line 0: NotAllowedError: The play method is not allowed by the user agent or the platform in the current context, possibly because the user denied permission.
JavaScript error: chrome://marionette/content/proxy.js, line 222: TypeError: this.browser.driver.dialogObserver is null
JavaScript error: chrome://marionette/content/proxy.js, line 222: TypeError: this.browser.driver.dialogObserver is null
1591108902440	Marionette	INFO	Stopped listening on port 55076

###!!! [Child][RunMessage] Error: Channel closing: too late to send/recv, messages will be lost


###!!! [Child][MessageChannel::SendAndWait] Error: Channel error: cannot send/recv

1591108906386	mozrunner::runner	INFO	Running command: "C:\\Program Files\\Mozilla Firefox\\firefox.exe" "-marionette" "-foreground" "-no-remote" "-profile" "C:\\Users\\Hugo\\AppData\\Local\\Temp\\rust_mozprofileRzxBX2"
JavaScript error: resource://gre/modules/XULStore.jsm, line 66: Error: Can't find profile directory.
1591108908479	Marionette	INFO	Listening on port 55354
1591108908496	Marionette	WARN	TLS certificate errors will be ignored for this session
JavaScript warning: https://www2.camara.leg.br/comum/js/jquery-1.3.2.min.js, line 19: unreachable code after return statement
JavaScript error: , line 0: NotAllowedError: The play method is not allowed by the user agent or the platform in the current context, possibly because the user denied permission.
1591109136212	Marionette	INFO	Stopped listening on port 55354

###!!! [Child][RunMessage] Error: Channel closing: too late to send/recv, messages will be lost


###!!! [Child][MessageChannel::SendAndWait] Error: Channel error: cannot send/recv

modules/XULStore.jsm, line 66: Error: Can't find profile directory.
1591109133391	Marionette	INFO	Listening on port 55485
1591109133463	Marionette	WARN	TLS certificate errors will be ignored for this session
JavaScript error: chrome://marionette/content/proxy.js, line 222: TypeError: this.browser.driver.dialogObserver is null
JavaScript error: chrome://marionette/content/proxy.js, line 222: TypeError: this.browser.driver.dialogObserver is null
1591109151128	Marionette	INFO	Stopped listening on port 55485

###!!! [Child][MessageChannel::SendAndWait] Error: Channel error: cannot send/recv

1591109161082	mozrunner::runner	INFO	Running command: "C:\\Program Files\\Mozilla Firefox\\firefox.exe" "-marionette" "-foreground" "-no-remote" "-profile" "C:\\Users\\Hugo\\AppData\\Local\\Temp\\rust_mozprofile4ktCwr"
JavaScript error: resource://gre/modules/XULStore.jsm, line 66: Error: Can't find profile directory.
1591109163162	Marionette	INFO	Listening on port 55549
1591109163193	Marionette	WARN	TLS certificate errors will be ignored for this session
JavaScript error: chrome://marionette/content/proxy.js, line 222: TypeError: this.browser.driver.dialogObserver is null
JavaScript error: chrome://marionette/content/proxy.js, line 222: TypeError: this.browser.driver.dialogObserver is null
1591109422066	Marionette	INFO	Stopped listening on port 55549

###!!! [Child][RunMessage] Error: Channel closing: too late to send/recv, messages will be lost


###!!! [Child][MessageChannel::SendAndWait] Error: Channel error: cannot send/recv

5
1591109396356	Marionette	WARN	TLS certificate errors will be ignored for this session
JavaScript error: chrome://marionette/content/proxy.js, line 222: TypeError: this.browser.driver.dialogObserver is null
1591109423397	mozrunner::runner	INFO	Running command: "C:\\Program Files\\Mozilla Firefox\\firefox.exe" "-marionette" "-foreground" "-no-remote" "-profile" "C:\\Users\\Hugo\\AppData\\Local\\Temp\\rust_mozprofileM1sdWH"
JavaScript error: resource://gre/modules/XULStore.jsm, line 66: Error: Can't find profile directory.
1591109425448	Marionette	INFO	Listening on port 55711
1591109425521	Marionette	WARN	TLS certificate errors will be ignored for this session
JavaScript error: chrome://marionette/content/proxy.js, line 222: TypeError: this.browser.driver.dialogObserver is null
console.warn: services.settings: Signature verified failed for main/search-config. Retry from scratch
JavaScript error: chrome://marionette/content/proxy.js, line 222: TypeError: this.browser.driver.dialogObserver is null
JavaScript error: chrome://marionette/content/proxy.js, line 222: TypeError: this.browser.driver.dialogObserver is null
1591110744935	Marionette	INFO	Stopped listening on port 55711

###!!! [Child][RunMessage] Error: Channel closing: too late to send/recv, messages will be lost


###!!! [Child][MessageChannel::SendAndWait] Error: Channel error: cannot send/recv

2.camara.leg.br/comum/js/jquery-1.3.2.min.js, line 19: unreachable code after return statement
JavaScript error: , line 0: NotAllowedError: The play method is not allowed by the user agent or the platform in the current context, possibly because the user denied permission.
console.warn: services.settings: Signature verified failed for main/search-config. Retry from scratch
1591111537353	Marionette	INFO	Stopped listening on port 55934

###!!! [Child][RunMessage] Error: Channel closing: too late to send/recv, messages will be lost


###!!! [Child][MessageChannel::SendAndWait] Error: Channel error: cannot send/recv

modules/XULStore.jsm, line 66: Error: Can't find profile directory.
1591111531817	Marionette	INFO	Listening on port 56302
1591111532039	Marionette	WARN	TLS certificate errors will be ignored for this session
JavaScript warning: https://www2.camara.leg.br/comum/js/jquery-1.3.2.min.js, line 19: unreachable code after return statement
JavaScript error: , line 0: NotAllowedError: The play method is not allowed by the user agent or the platform in the current context, possibly because the user denied permission.
1591111601713	Marionette	INFO	Stopped listening on port 56302

###!!! [Child][MessageChannel::SendAndWait] Error: Channel error: cannot send/recv

1591111622336	mozrunner::runner	INFO	Running command: "C:\\Program Files\\Mozilla Firefox\\firefox.exe" "-marionette" "-foreground" "-no-remote" "-profile" "C:\\Users\\Hugo\\AppData\\Local\\Temp\\rust_mozprofile93ebU5"
JavaScript error: resource://gre/modules/XULStore.jsm, line 66: Error: Can't find profile directory.
1591111624435	Marionette	INFO	Listening on port 56403
1591111624464	Marionette	WARN	TLS certificate errors will be ignored for this session
JavaScript warning: https://www2.camara.leg.br/comum/js/jquery-1.3.2.min.js, line 19: unreachable code after return statement
JavaScript error: , line 0: NotAllowedError: The play method is not allowed by the user agent or the platform in the current context, possibly because the user denied permission.
console.warn: services.settings: Signature verified failed for main/search-config. Retry from scratch
1591112990132	Marionette	INFO	Stopped listening on port 56403

###!!! [Child][RunMessage] Error: Channel closing: too late to send/recv, messages will be lost


###!!! [Child][MessageChannel::SendAndWait] Error: Channel error: cannot send/recv

1591162325335	mozrunner::runner	INFO	Running command: "C:\\Program Files\\Mozilla Firefox\\firefox.exe" "-marionette" "-foreground" "-no-remote" "-profile" "C:\\Users\\Hugo\\AppData\\Local\\Temp\\rust_mozprofileocZAXC"
JavaScript error: resource://gre/modules/XULStore.jsm, line 66: Error: Can't find profile directory.
1591162333463	Marionette	INFO	Listening on port 55511
1591162333696	Marionette	WARN	TLS certificate errors will be ignored for this session
1591162367860	Marionette	INFO	Stopped listening on port 55511

###!!! [Child][RunMessage] Error: Channel closing: too late to send/recv, messages will be lost


###!!! [Child][MessageChannel::SendAndWait] Error: Channel error: cannot send/recv

1591162372523	mozrunner::runner	INFO	Running command: "C:\\Program Files\\Mozilla Firefox\\firefox.exe" "-marionette" "-foreground" "-no-remote" "-profile" "C:\\Users\\Hugo\\AppData\\Local\\Temp\\rust_mozprofileFGUsJG"
JavaScript error: resource://gre/modules/XULStore.jsm, line 66: Error: Can't find profile directory.
1591162374612	Marionette	INFO	Listening on port 55563
1591162374646	Marionette	WARN	TLS certificate errors will be ignored for this session
1591162392256	Marionette	INFO	Stopped listening on port 55563

###!!! [Child][RunMessage] Error: Channel closing: too late to send/recv, messages will be lost


###!!! [Child][MessageChannel::SendAndWait] Error: Channel error: cannot send/recv

1591162395698	mozrunner::runner	INFO	Running command: "C:\\Program Files\\Mozilla Firefox\\firefox.exe" "-marionette" "-foreground" "-no-remote" "-profile" "C:\\Users\\Hugo\\AppData\\Local\\Temp\\rust_mozprofileFJ06L3"
JavaScript error: resource://gre/modules/XULStore.jsm, line 66: Error: Can't find profile directory.
1591162397753	Marionette	INFO	Listening on port 55605
1591162397817	Marionette	WARN	TLS certificate errors will be ignored for this session
1591162419081	mozrunner::runner	INFO	Running command: "C:\\Program Files\\Mozilla Firefox\\firefox.exe" "-marionette" "-foreground" "-no-remote" "-profile" "C:\\Users\\Hugo\\AppData\\Local\\Temp\\rust_mozprofileh50vau"
JavaScript error: resource://gre/modules/XULStore.jsm, line 66: Error: Can't find profile directory.
1591162421012	Marionette	INFO	Listening on port 55648
1591162421090	Marionette	WARN	TLS certificate errors will be ignored for this session

###!!! [Child][RunMessage] Error: Channel closing: too late to send/recv, messages will be lost

1591162483955	Marionette	INFO	Stopped listening on port 55648

###!!! [Child][RunMessage] Error: Channel closing: too late to send/recv, messages will be lost


###!!! [Child][MessageChannel::SendAndWait] Error: Channel error: cannot send/recv

stening on port 55700
1591162475846	Marionette	WARN	TLS certificate errors will be ignored for this session
1591162806833	Marionette	INFO	Stopped listening on port 55700

###!!! [Child][RunMessage] Error: Channel closing: too late to send/recv, messages will be lost


###!!! [Child][MessageChannel::SendAndWait] Error: Channel error: cannot send/recv

modules/XULStore.jsm, line 66: Error: Can't find profile directory.
1591162553777	Marionette	INFO	Listening on port 55779
1591162553887	Marionette	WARN	TLS certificate errors will be ignored for this session
console.error: "Store does not have a valid reducer. Make sure the argument passed to combineReducers is an object whose values are reducers."
1591162805984	Marionette	INFO	Stopped listening on port 55779

###!!! [Child][RunMessage] Error: Channel closing: too late to send/recv, messages will be lost


###!!! [Child][MessageChannel::SendAndWait] Error: Channel error: cannot send/recv

modules/XULStore.jsm, line 66: Error: Can't find profile directory.
1591162804867	Marionette	INFO	Listening on port 55880
1591162805118	Marionette	WARN	TLS certificate errors will be ignored for this session
1591163219432	Marionette	INFO	Stopped listening on port 55880

###!!! [Child][RunMessage] Error: Channel closing: too late to send/recv, messages will be lost


###!!! [Child][MessageChannel::SendAndWait] Error: Channel error: cannot send/recv

modules/XULStore.jsm, line 66: Error: Can't find profile directory.
1591163119593	Marionette	INFO	Listening on port 56030
1591163120006	Marionette	WARN	TLS certificate errors will be ignored for this session
1591163220326	mozrunner::runner	INFO	Running command: "C:\\Program Files\\Mozilla Firefox\\firefox.exe" "-marionette" "-foreground" "-no-remote" "-profile" "C:\\Users\\Hugo\\AppData\\Local\\Temp\\rust_mozprofilevIVYkY"
JavaScript error: resource://gre/modules/XULStore.jsm, line 66: Error: Can't find profile directory.
1591163224819	Marionette	INFO	Listening on port 56127
1591163225047	Marionette	WARN	TLS certificate errors will be ignored for this session

###!!! [Child][RunMessage] Error: Channel closing: too late to send/recv, messages will be lost

1591163395780	Marionette	INFO	Stopped listening on port 56127

###!!! [Child][MessageChannel::SendAndWait] Error: Channel error: cannot send/recv

modules/XULStore.jsm, line 66: Error: Can't find profile directory.
1591163300227	Marionette	INFO	Listening on port 56196
1591163300289	Marionette	WARN	TLS certificate errors will be ignored for this session
1591163395785	Marionette	INFO	Stopped listening on port 56196

###!!! [Child][RunMessage] Error: Channel closing: too late to send/recv, messages will be lost


###!!! [Child][MessageChannel::SendAndWait] Error: Channel error: cannot send/recv

modules/XULStore.jsm, line 66: Error: Can't find profile directory.
1591163345728	Marionette	INFO	Listening on port 56256
1591163345822	Marionette	WARN	TLS certificate errors will be ignored for this session
1591163396070	mozrunner::runner	INFO	Running command: "C:\\Program Files\\Mozilla Firefox\\firefox.exe" "-marionette" "-foreground" "-no-remote" "-profile" "C:\\Users\\Hugo\\AppData\\Local\\Temp\\rust_mozprofileR4Q9hl"
JavaScript error: resource://gre/modules/XULStore.jsm, line 66: Error: Can't find profile directory.
1591163400394	Marionette	INFO	Listening on port 56332
1591163400787	Marionette	WARN	TLS certificate errors will be ignored for this session
console.warn: services.settings: Signature verified failed for main/search-config. Retry from scratch
1591164915258	Marionette	INFO	Stopped listening on port 56332

###!!! [Child][MessageChannel::SendAndWait] Error: Channel error: cannot send/recv

dules/XULStore.jsm, line 66: Error: Can't find profile directory.
1591163543979	Marionette	INFO	Listening on port 56411
1591163544000	Marionette	WARN	TLS certificate errors will be ignored for this session
console.warn: services.settings: Signature verified failed for main/search-config. Retry from scratch
1591164915231	Marionette	INFO	Stopped listening on port 56411

###!!! [Child][MessageChannel::SendAndWait] Error: Channel error: cannot send/recv

dules/XULStore.jsm, line 66: Error: Can't find profile directory.
1591163914913	Marionette	INFO	Listening on port 56510
1591163915390	Marionette	WARN	TLS certificate errors will be ignored for this session
console.warn: services.settings: Signature verified failed for main/search-config. Retry from scratch
1591164915230	Marionette	INFO	Stopped listening on port 56510

###!!! [Child][MessageChannel::SendAndWait] Error: Channel error: cannot send/recv

dules/XULStore.jsm, line 66: Error: Can't find profile directory.
1591163989551	Marionette	INFO	Listening on port 56575
1591163989933	Marionette	WARN	TLS certificate errors will be ignored for this session
console.warn: services.settings: Signature verified failed for main/search-config. Retry from scratch
1591164915229	Marionette	INFO	Stopped listening on port 56575

###!!! [Child][MessageChannel::SendAndWait] Error: Channel error: cannot send/recv

dules/XULStore.jsm, line 66: Error: Can't find profile directory.
1591164039310	Marionette	INFO	Listening on port 56642
1591164039769	Marionette	WARN	TLS certificate errors will be ignored for this session
console.warn: services.settings: Signature verified failed for main/search-config. Retry from scratch
1591164915203	Marionette	INFO	Stopped listening on port 56642

###!!! [Child][RunMessage] Error: Channel closing: too late to send/recv, messages will be lost


###!!! [Child][MessageChannel::SendAndWait] Error: Channel error: cannot send/recv

modules/XULStore.jsm, line 66: Error: Can't find profile directory.
1591164580957	Marionette	INFO	Listening on port 56782
1591164581160	Marionette	WARN	TLS certificate errors will be ignored for this session
1591164603515	Marionette	WARN	TimedPromise timed out after 500 ms: stacktrace:
TimedPromise/<@chrome://marionette/content/sync.js:245:13
TimedPromise@chrome://marionette/content/sync.js:230:10
interaction.flushEventLoop@chrome://marionette/content/interaction.js:416:10
webdriverClickElement@chrome://marionette/content/interaction.js:182:31
JavaScript warning: https://www2.camara.leg.br/comum/js/jquery-1.3.2.min.js, line 19: unreachable code after return statement
JavaScript error: , line 0: NotAllowedError: The play method is not allowed by the user agent or the platform in the current context, possibly because the user denied permission.
1591164915185	Marionette	INFO	Stopped listening on port 56782

###!!! [Child][RunMessage] Error: Channel closing: too late to send/recv, messages will be lost


###!!! [Child][MessageChannel::SendAndWait] Error: Channel error: cannot send/recv

1591165031910	mozrunner::runner	INFO	Running command: "C:\\Program Files\\Mozilla Firefox\\firefox.exe" "-marionette" "-foreground" "-no-remote" "-profile" "C:\\Users\\Hugo\\AppData\\Local\\Temp\\rust_mozprofileOYAmSh"
JavaScript error: resource://gre/modules/XULStore.jsm, line 66: Error: Can't find profile directory.
1591165033938	Marionette	INFO	Listening on port 57028
1591165034019	Marionette	WARN	TLS certificate errors will be ignored for this session
JavaScript error: resource://devtools/client/jsonview/converter-observer.js, line 76: NS_ERROR_NOT_AVAILABLE: Component returned failure code: 0x80040111 (NS_ERROR_NOT_AVAILABLE) [nsIChannel.contentType]
1591165036842	Marionette	INFO	Stopped listening on port 57028

###!!! [Child][RunMessage] Error: Channel closing: too late to send/recv, messages will be lost


###!!! [Child][MessageChannel::SendAndWait] Error: Channel error: cannot send/recv

1591174785659	mozrunner::runner	INFO	Running command: "C:\\Program Files\\Mozilla Firefox\\firefox.exe" "-marionette" "-foreground" "-no-remote" "-profile" "C:\\Users\\Hugo\\AppData\\Local\\Temp\\rust_mozprofileun2ZqE"
JavaScript error: resource://gre/modules/XULStore.jsm, line 66: Error: Can't find profile directory.
1591174792781	Marionette	INFO	Listening on port 58339
1591174793054	Marionette	WARN	TLS certificate errors will be ignored for this session
console.warn: services.settings: Signature verified failed for main/search-config. Retry from scratch
1591176886575	Marionette	INFO	Stopped listening on port 58339

###!!! [Child][RunMessage] Error: Channel closing: too late to send/recv, messages will be lost


###!!! [Child][MessageChannel::SendAndWait] Error: Channel error: cannot send/recv

ening on port 58410
1591174952859	Marionette	WARN	TLS certificate errors will be ignored for this session
console.warn: services.settings: Signature verified failed for main/search-config. Retry from scratch
1591176886582	Marionette	INFO	Stopped listening on port 58410

###!!! [Child][MessageChannel::SendAndWait] Error: Channel error: cannot send/recv

dules/XULStore.jsm, line 66: Error: Can't find profile directory.
1591175012751	Marionette	INFO	Listening on port 58465
1591175013169	Marionette	WARN	TLS certificate errors will be ignored for this session
1591175015854	Marionette	INFO	Stopped listening on port 58465

###!!! [Child][MessageChannel::SendAndWait] Error: Channel error: cannot send/recv

1591176883956	mozrunner::runner	INFO	Running command: "C:\\Program Files\\Mozilla Firefox\\firefox.exe" "-marionette" "-foreground" "-no-remote" "-profile" "C:\\Users\\Hugo\\AppData\\Local\\Temp\\rust_mozprofileXdSzCf"
JavaScript error: resource://gre/modules/XULStore.jsm, line 66: Error: Can't find profile directory.
1591176886271	Marionette	INFO	Listening on port 58799
1591176886843	Marionette	INFO	Stopped listening on port 58799

###!!! [Child][RunMessage] Error: Channel closing: too late to send/recv, messages will be lost


###!!! [Child][MessageChannel::SendAndWait] Error: Channel error: cannot send/recv

1591176994183	mozrunner::runner	INFO	Running command: "C:\\Program Files\\Mozilla Firefox\\firefox.exe" "-marionette" "-foreground" "-no-remote" "-profile" "C:\\Users\\Hugo\\AppData\\Local\\Temp\\rust_mozprofile6xM0R5"
JavaScript error: resource://gre/modules/XULStore.jsm, line 66: Error: Can't find profile directory.
1591176996249	Marionette	INFO	Listening on port 58846
1591176996292	Marionette	WARN	TLS certificate errors will be ignored for this session
JavaScript warning: https://www2.camara.leg.br/comum/js/jquery-1.3.2.min.js, line 19: unreachable code after return statement
JavaScript error: , line 0: NotAllowedError: The play method is not allowed by the user agent or the platform in the current context, possibly because the user denied permission.
1591177028901	Marionette	INFO	Stopped listening on port 58846

###!!! [Child][RunMessage] Error: Channel closing: too late to send/recv, messages will be lost


###!!! [Child][MessageChannel::SendAndWait] Error: Channel error: cannot send/recv

1591177082819	mozrunner::runner	INFO	Running command: "C:\\Program Files\\Mozilla Firefox\\firefox.exe" "-marionette" "-foreground" "-no-remote" "-profile" "C:\\Users\\Hugo\\AppData\\Local\\Temp\\rust_mozprofilefApzBu"
JavaScript error: resource://gre/modules/XULStore.jsm, line 66: Error: Can't find profile directory.
1591177084756	Marionette	INFO	Listening on port 58920
1591177084828	Marionette	WARN	TLS certificate errors will be ignored for this session
JavaScript warning: https://www2.camara.leg.br/comum/js/jquery-1.3.2.min.js, line 19: unreachable code after return statement
JavaScript error: , line 0: NotAllowedError: The play method is not allowed by the user agent or the platform in the current context, possibly because the user denied permission.
JavaScript error: , line 0: NotAllowedError: The play method is not allowed by the user agent or the platform in the current context, possibly because the user denied permission.
console.warn: services.settings: Signature verified failed for main/search-config. Retry from scratch
1591181903991	Marionette	INFO	Stopped listening on port 58920

###!!! [Child][MessageChannel::SendAndWait] Error: Channel error: cannot send/recv

ile" "C:\\Users\\Hugo\\AppData\\Local\\Temp\\rust_mozprofile5OjMBw"
JavaScript error: resource://gre/modules/XULStore.jsm, line 66: Error: Can't find profile directory.
1591179932328	Marionette	INFO	Listening on port 59670
1591179932823	Marionette	WARN	TLS certificate errors will be ignored for this session
JavaScript warning: https://www2.camara.leg.br/comum/js/jquery-1.3.2.min.js, line 19: unreachable code after return statement
JavaScript error: , line 0: NotAllowedError: The play method is not allowed by the user agent or the platform in the current context, possibly because the user denied permission.
console.warn: services.settings: Signature verified failed for main/search-config. Retry from scratch
1591181904856	Marionette	INFO	Stopped listening on port 59670

###!!! [Child][MessageChannel::SendAndWait] Error: Channel error: cannot send/recv

ile" "C:\\Users\\Hugo\\AppData\\Local\\Temp\\rust_mozprofilebwE1qO"
JavaScript error: resource://gre/modules/XULStore.jsm, line 66: Error: Can't find profile directory.
1591180486648	Marionette	INFO	Listening on port 59840
1591180487037	Marionette	WARN	TLS certificate errors will be ignored for this session
JavaScript warning: https://www2.camara.leg.br/comum/js/jquery-1.3.2.min.js, line 19: unreachable code after return statement
JavaScript error: , line 0: NotAllowedError: The play method is not allowed by the user agent or the platform in the current context, possibly because the user denied permission.
console.warn: services.settings: Signature verified failed for main/search-config. Retry from scratch
1591181905932	Marionette	INFO	Stopped listening on port 59840

###!!! [Child][RunMessage] Error: Channel closing: too late to send/recv, messages will be lost


###!!! [Child][MessageChannel::SendAndWait] Error: Channel error: cannot send/recv

modules/XULStore.jsm, line 66: Error: Can't find profile directory.
1591181902496	Marionette	INFO	Listening on port 60035
1591181902830	Marionette	WARN	TLS certificate errors will be ignored for this session
JavaScript warning: https://www2.camara.leg.br/comum/js/jquery-1.3.2.min.js, line 19: unreachable code after return statement
JavaScript error: , line 0: NotAllowedError: The play method is not allowed by the user agent or the platform in the current context, possibly because the user denied permission.
JavaScript error: , line 0: NotAllowedError: The play method is not allowed by the user agent or the platform in the current context, possibly because the user denied permission.
console.warn: services.settings: Signature verified failed for main/search-config. Retry from scratch
1591182451473	Marionette	INFO	Stopped listening on port 60035

###!!! [Child][RunMessage] Error: Channel closing: too late to send/recv, messages will be lost


###!!! [Child][MessageChannel::SendAndWait] Error: Channel error: cannot send/recv

modules/XULStore.jsm, line 66: Error: Can't find profile directory.
1591182452325	Marionette	INFO	Listening on port 60215
1591182452417	Marionette	WARN	TLS certificate errors will be ignored for this session
[Parent 22784, Gecko_IOThread] WARNING: pipe error: 232: file /builds/worker/checkouts/gecko/ipc/chromium/src/chrome/common/ipc_channel_win.cc, line 522

###!!! [Parent][MessageChannel] Error: (msgtype=0xA000D,name=PBackgroundIDBDatabase::Msg_Invalidate) Channel error: cannot send/recv

[Parent 22784, Gecko_IOThread] WARNING: file /builds/worker/checkouts/gecko/ipc/chromium/src/base/process_util_win.cc, line 166

###!!! [Child][RunMessage] Error: Channel closing: too late to send/recv, messages will be lost

1591182454190	Marionette	INFO	Stopped listening on port 60215

###!!! [Child][RunMessage] Error: Channel closing: too late to send/recv, messages will be lost


###!!! [Child][MessageChannel::SendAndWait] Error: Channel error: cannot send/recv

1591182482218	mozrunner::runner	INFO	Running command: "C:\\Program Files\\Mozilla Firefox\\firefox.exe" "-marionette" "-foreground" "-no-remote" "-profile" "C:\\Users\\Hugo\\AppData\\Local\\Temp\\rust_mozprofileSXkVQM"
JavaScript error: resource://gre/modules/XULStore.jsm, line 66: Error: Can't find profile directory.
1591182484342	Marionette	INFO	Listening on port 60277
1591182484827	Marionette	WARN	TLS certificate errors will be ignored for this session
JavaScript warning: https://www2.camara.leg.br/comum/js/jquery-1.3.2.min.js, line 19: unreachable code after return statement
JavaScript error: , line 0: NotAllowedError: The play method is not allowed by the user agent or the platform in the current context, possibly because the user denied permission.
console.warn: services.settings: Signature verified failed for main/search-config. Retry from scratch
1591183688672	Marionette	INFO	Stopped listening on port 60277

###!!! [Child][RunMessage] Error: Channel closing: too late to send/recv, messages will be lost


###!!! [Child][MessageChannel::SendAndWait] Error: ChJavaScript error: resource://gre/modules/XULStore.jsm, line 66: Error: Can't find profile directory.
1591183690629	Marionette	INFO	Listening on port 60681
1591183690866	Marionette	WARN	TLS certificate errors will be ignored for this session
JavaScript warning: https://www2.camara.leg.br/comum/js/jquery-1.3.2.min.js, line 19: unreachable code after return statement
JavaScript error: , line 0: NotAllowedError: The play method is not allowed by the user agent or the platform in the current context, possibly because the user denied permission.
console.warn: services.settings: Signature verified failed for main/search-config. Retry from scratch

###!!! [Child][RunMessage] Error: Channel closing: too late to send/recv, messages will be lost

1591184420210	Marionette	INFO	Stopped listening on port 60681

###!!! [Child][RunMessage] Error: Channel closing: too late to send/recv, messages will be lost


###!!! [Child][MessageChannel::SendAndWait] Error: Channel error: cannot send/recv

ssion
JavaScript warning: https://www2.camara.leg.br/comum/js/jquery-1.3.2.min.js, line 19: unreachable code after return statement
JavaScript error: , line 0: NotAllowedError: The play method is not allowed by the user agent or the platform in the current context, possibly because the user denied permission.
console.warn: services.settings: Signature verified failed for main/search-config. Retry from scratch
1591184763757	Marionette	INFO	Stopped listening on port 60841

###!!! [Child][RunMessage] Error: Channel closing: too late to send/recv, messages will be lost


###!!! [Child][MessageChannel::SendAndWait] Error: Channel error: cannot send/recv

1591184831016	mozrunner::runner	INFO	Running command: "C:\\Program Files\\Mozilla Firefox\\firefox.exe" "-marionette" "-foreground" "-no-remote" "-profile" "C:\\Users\\Hugo\\AppData\\Local\\Temp\\rust_mozprofileXT0SPo"
JavaScript error: resource://gre/modules/XULStore.jsm, line 66: Error: Can't find profile directory.
1591184833402	Marionette	INFO	Listening on port 61223
1591184833627	Marionette	WARN	TLS certificate errors will be ignored for this session
JavaScript warning: https://www2.camara.leg.br/comum/js/jquery-1.3.2.min.js, line 19: unreachable code after return statement
JavaScript error: , line 0: NotAllowedError: The play method is not allowed by the user agent or the platform in the current context, possibly because the user denied permission.

###!!! [Child][RunMessage] Error: Channel closing: too late to send/recv, messages will be lost

1591185136284	Marionette	INFO	Stopped listening on port 61223

###!!! [Child][RunMessage] Error: Channel closing: too late to send/recv, messages will be lost


###!!! [Child][MessageChannel::SendAndWait] Error: Channel error: cannot send/recv

stening on port 61463
1591185123818	Marionette	WARN	TLS certificate errors will be ignored for this session
JavaScript warning: https://www2.camara.leg.br/comum/js/jquery-1.3.2.min.js, line 19: unreachable code after return statement
JavaScript error: , line 0: NotAllowedError: The play method is not allowed by the user agent or the platform in the current context, possibly because the user denied permission.
1591185149562	Marionette	INFO	Stopped listening on port 61463

###!!! [Child][RunMessage] Error: Channel closing: too late to send/recv, messages will be lost


###!!! [Child][MessageChannel::SendAndWait] Error: Channel error: cannot send/recv

1591185183731	mozrunner::runner	INFO	Running command: "C:\\Program Files\\Mozilla Firefox\\firefox.exe" "-marionette" "-foreground" "-no-remote" "-profile" "C:\\Users\\Hugo\\AppData\\Local\\Temp\\rust_mozprofileMyng9l"
JavaScript error: resource://gre/modules/XULStore.jsm, line 66: Error: Can't find profile directory.
1591185186100	Marionette	INFO	Listening on port 61535
1591185186343	Marionette	WARN	TLS certificate errors will be ignored for this session
1591185198325	Marionette	INFO	Stopped listening on port 61535

###!!! [Child][MessageChannel::SendAndWait] Error: Channel error: cannot send/recv

1591185202139	mozrunner::runner	INFO	Running command: "C:\\Program Files\\Mozilla Firefox\\firefox.exe" "-marionette" "-foreground" "-no-remote" "-profile" "C:\\Users\\Hugo\\AppData\\Local\\Temp\\rust_mozprofilefsauKk"
JavaScript error: resource://gre/modules/XULStore.jsm, line 66: Error: Can't find profile directory.
1591185204655	Marionette	INFO	Listening on port 61591
1591185204753	Marionette	WARN	TLS certificate errors will be ignored for this session
1591185215217	Marionette	INFO	Stopped listening on port 61591

###!!! [Child][RunMessage] Error: Channel closing: too late to send/recv, messages will be lost


###!!! [Child][MessageChannel::SendAndWait] Error: Channel error: cannot send/recv

1591185253693	mozrunner::runner	INFO	Running command: "C:\\Program Files\\Mozilla Firefox\\firefox.exe" "-marionette" "-foreground" "-no-remote" "-profile" "C:\\Users\\Hugo\\AppData\\Local\\Temp\\rust_mozprofile4qee7j"
JavaScript error: resource://gre/modules/XULStore.jsm, line 66: Error: Can't find profile directory.
1591185255970	Marionette	INFO	Listening on port 61654
1591185256303	Marionette	WARN	TLS certificate errors will be ignored for this session
1591185265613	Marionette	INFO	Stopped listening on port 61654

###!!! [Child][RunMessage] Error: Channel closing: too late to send/recv, messages will be lost


###!!! [Child][MessageChannel::SendAndWait] Error: Channel error: cannot send/recv

1591185278633	mozrunner::runner	INFO	Running command: "C:\\Program Files\\Mozilla Firefox\\firefox.exe" "-marionette" "-foreground" "-no-remote" "-profile" "C:\\Users\\Hugo\\AppData\\Local\\Temp\\rust_mozprofileSaOQW6"
JavaScript error: resource://gre/modules/XULStore.jsm, line 66: Error: Can't find profile directory.
1591185280918	Marionette	INFO	Listening on port 61709
1591185281248	Marionette	WARN	TLS certificate errors will be ignored for this session
JavaScript error: resource://devtools/client/jsonview/converter-observer.js, line 76: NS_ERROR_NOT_AVAILABLE: Component returned failure code: 0x80040111 (NS_ERROR_NOT_AVAILABLE) [nsIChannel.contentType]
1591185287418	Marionette	INFO	Stopped listening on port 61709

###!!! [Child][RunMessage] Error: Channel closing: too late to send/recv, messages will be lost


###!!! [Child][MessageChannel::SendAndWait] Error: Channel error: cannot send/recv

1591185307568	mozrunner::runner	INFO	Running command: "C:\\Program Files\\Mozilla Firefox\\firefox.exe" "-marionette" "-foreground" "-no-remote" "-profile" "C:\\Users\\Hugo\\AppData\\Local\\Temp\\rust_mozprofileTguWuZ"
JavaScript error: resource://gre/modules/XULStore.jsm, line 66: Error: Can't find profile directory.
1591185310085	Marionette	INFO	Listening on port 61769
1591185310181	Marionette	WARN	TLS certificate errors will be ignored for this session
1591185316013	Marionette	INFO	Stopped listening on port 61769

###!!! [Child][RunMessage] Error: Channel closing: too late to send/recv, messages will be lost


###!!! [Child][MessageChannel::SendAndWait] Error: Channel error: cannot send/recv

1591185466326	mozrunner::runner	INFO	Running command: "C:\\Program Files\\Mozilla Firefox\\firefox.exe" "-marionette" "-foreground" "-no-remote" "-profile" "C:\\Users\\Hugo\\AppData\\Local\\Temp\\rust_mozprofile6z4g2g"
JavaScript error: resource://gre/modules/XULStore.jsm, line 66: Error: Can't find profile directory.
1591185468380	Marionette	INFO	Listening on port 61851
1591185468446	Marionette	WARN	TLS certificate errors will be ignored for this session
1591185475889	Marionette	INFO	Stopped listening on port 61851

###!!! [Child][RunMessage] Error: Channel closing: too late to send/recv, messages will be lost


###!!! [Child][MessageChannel::SendAndWait] Error: Channel error: cannot send/recv

1591185510338	mozrunner::runner	INFO	Running command: "C:\\Program Files\\Mozilla Firefox\\firefox.exe" "-marionette" "-foreground" "-no-remote" "-profile" "C:\\Users\\Hugo\\AppData\\Local\\Temp\\rust_mozprofileBN5Qaj"
JavaScript error: resource://gre/modules/XULStore.jsm, line 66: Error: Can't find profile directory.
1591185512298	Marionette	INFO	Listening on port 61909
1591185512348	Marionette	WARN	TLS certificate errors will be ignored for this session
JavaScript error: resource://devtools/client/jsonview/converter-observer.js, line 76: NS_ERROR_NOT_AVAILABLE: Component returned failure code: 0x80040111 (NS_ERROR_NOT_AVAILABLE) [nsIChannel.contentType]
1591185516942	Marionette	INFO	Stopped listening on port 61909

###!!! [Child][MessageChannel::SendAndWait] Error: Channel error: cannot send/recv

1591185716864	mozrunner::runner	INFO	Running command: "C:\\Program Files\\Mozilla Firefox\\firefox.exe" "-marionette" "-foreground" "-no-remote" "-profile" "C:\\Users\\Hugo\\AppData\\Local\\Temp\\rust_mozprofileH7POM9"
JavaScript error: resource://gre/modules/XULStore.jsm, line 66: Error: Can't find profile directory.
1591185718909	Marionette	INFO	Listening on port 61991
1591185718975	Marionette	WARN	TLS certificate errors will be ignored for this session
1591185728746	Marionette	INFO	Stopped listening on port 61991

###!!! [Child][RunMessage] Error: Channel closing: too late to send/recv, messages will be lost


###!!! [Child][MessageChannel::SendAndWait] Error: Channel error: cannot send/recv

1591185752552	mozrunner::runner	INFO	Running command: "C:\\Program Files\\Mozilla Firefox\\firefox.exe" "-marionette" "-foreground" "-no-remote" "-profile" "C:\\Users\\Hugo\\AppData\\Local\\Temp\\rust_mozprofileqHHsY9"
JavaScript error: resource://gre/modules/XULStore.jsm, line 66: Error: Can't find profile directory.
1591185754648	Marionette	INFO	Listening on port 62048
1591185754662	Marionette	WARN	TLS certificate errors will be ignored for this session
1591185765695	Marionette	INFO	Stopped listening on port 62048

###!!! [Child][RunMessage] Error: Channel closing: too late to send/recv, messages will be lost


###!!! [Child][MessageChannel::SendAndWait] Error: Channel error: cannot send/recv

1591185781931	mozrunner::runner	INFO	Running command: "C:\\Program Files\\Mozilla Firefox\\firefox.exe" "-marionette" "-foreground" "-no-remote" "-profile" "C:\\Users\\Hugo\\AppData\\Local\\Temp\\rust_mozprofileqOx2iw"
JavaScript error: resource://gre/modules/XULStore.jsm, line 66: Error: Can't find profile directory.
1591185783889	Marionette	INFO	Listening on port 62105
1591185783939	Marionette	WARN	TLS certificate errors will be ignored for this session
JavaScript warning: https://www2.camara.leg.br/comum/js/jquery-1.3.2.min.js, line 19: unreachable code after return statement
JavaScript warning: https://www2.camara.leg.br/comum/js/jquery-1.3.2.min.js, line 19: unreachable code after return statement
JavaScript warning: https://www2.camara.leg.br/comum/js/jquery-1.3.2.min.js, line 19: unreachable code after return statement
JavaScript warning: https://www2.camara.leg.br/comum/js/jquery-1.3.2.min.js, line 19: unreachable code after return statement
console.warn: services.settings: Signature verified failed for main/search-config. Retry from scratch
1591188071743	Marionette	INFO	Stopped listening on port 62105

###!!! [Child][RunMessage] Error: Channel closing: too late to send/recv, messages will be lost


###!!! [Child][MessageChannel::SendAndWait] Error: Channel error: cannot send/recv

modules/XULStore.jsm, line 66: Error: Can't find profile directory.
1591187533545	Marionette	INFO	Listening on port 62986
1591187533736	Marionette	WARN	TLS certificate errors will be ignored for this session
JavaScript warning: https://www2.camara.leg.br/comum/js/jquery-1.3.2.min.js, line 19: unreachable code after return statement
JavaScript error: , line 0: NotAllowedError: The play method is not allowed by the user agent or the platform in the current context, possibly because the user denied permission.
JavaScript warning: https://www2.camara.leg.br/comum/js/jquery-1.3.2.min.js, line 19: unreachable code after return statement
JavaScript error: , line 0: NotAllowedError: The play method is not allowed by the user agent or the platform in the current context, possibly because the user denied permission.
JavaScript error: , line 0: NotAllowedError: The play method is not allowed by the user agent or the platform in the current context, possibly because the user denied permission.
JavaScript error: , line 0: NotAllowedError: The play method is not allowed by the user agent or the platform in the current context, possibly because the user denied permission.
JavaScript error: , line 0: NotAllowedError: The play method is not allowed by the user agent or the platform in the current context, possibly because the user denied permission.
JavaScript error: , line 0: NotAllowedError: The play method is not allowed by the user agent or the platform in the current context, possibly because the user denied permission.
JavaScript warning: https://www2.camara.leg.br/comum/js/jquery-1.3.2.min.js, line 19: unreachable code after return statement
JavaScript error: , line 0: NotAllowedError: The play method is not allowed by the user agent or the platform in the current context, possibly because the user denied permission.
JavaScript error: , line 0: NotAllowedError: The play method is not allowed by the user agent or the platform in the current context, possibly because the user denied permission.
JavaScript error: , line 0: NotAllowedError: The play method is not allowed by the user agent or the platform in the current context, possibly because the user denied permission.
JavaScript error: , line 0: NotAllowedError: The play method is not allowed by the user agent or the platform in the current context, possibly because the user denied permission.
JavaScript warning: https://www2.camara.leg.br/comum/js/jquery-1.3.2.min.js, line 19: unreachable code after return statement
JavaScript error: , line 0: NotAllowedError: The play method is not allowed by the user agent or the platform in the current context, possibly because the user denied permission.
JavaScript error: , line 0: NotAllowedError: The play method is not allowed by the user agent or the platform in the current context, possibly because the user denied permission.
JavaScript error: , line 0: NotAllowedError: The play method is not allowed by the user agent or the platform in the current context, possibly because the user denied permission.
console.warn: services.settings: Signature verified failed for main/search-config. Retry from scratch
1591189524879	Marionette	INFO	Stopped listening on port 62986

###!!! [Child][RunMessage] Error: Channel closing: too late to send/recv, messages will be lost


###!!! [Child][MessageChannel::SendAndWait] Error: Channel error: cannot send/recv

modules/XULStore.jsm, line 66: Error: Can't find profile directory.
1591189522466	Marionette	INFO	Listening on port 63938
1591189522507	Marionette	WARN	TLS certificate errors will be ignored for this session
console.warn: services.settings: Signature verified failed for main/search-config. Retry from scratch
